{
  "stats": {
    "suites": 1,
    "tests": 3,
    "passes": 3,
    "pending": 0,
    "failures": 0,
    "start": "2025-06-19T16:56:19.387Z",
    "end": "2025-06-19T16:56:26.973Z",
    "duration": 7586,
    "testsRegistered": 3,
    "passPercent": 100,
    "pendingPercent": 0,
    "other": 0,
    "hasOther": false,
    "skipped": 0,
    "hasSkipped": false
  },
  "results": [
    {
      "uuid": "92a8f924-4e84-4a5d-83c5-3b33abc05d0f",
      "title": "",
      "fullFile": "cypress\\e2e\\ProvaCypress.cy.js",
      "file": "cypress\\e2e\\ProvaCypress.cy.js",
      "beforeHooks": [],
      "afterHooks": [],
      "tests": [],
      "suites": [
        {
          "uuid": "fb00f023-95dc-4af0-a2c7-837469ebb318",
          "title": "Testes de JSAlert e login",
          "fullFile": "",
          "file": "",
          "beforeHooks": [],
          "afterHooks": [],
          "tests": [
            {
              "title": "Teste de JSAlert com sucesso",
              "fullTitle": "Testes de JSAlert e login Teste de JSAlert com sucesso",
              "timedOut": null,
              "duration": 1345,
              "state": "passed",
              "speed": "fast",
              "pass": true,
              "fail": false,
              "pending": false,
              "context": null,
              "code": "cy.visit('https://the-internet.herokuapp.com/javascript_alerts');\ncy.get(':nth-child(1) > button').click();\ncy.get('#result').should(\"contain.text\", \"You successfully clicked an alert\");",
              "err": {},
              "uuid": "2c56e1ee-67da-4cfa-b379-6c84658105ed",
              "parentUUID": "fb00f023-95dc-4af0-a2c7-837469ebb318",
              "isHook": false,
              "skipped": false
            },
            {
              "title": "Teste de Login com sucesso",
              "fullTitle": "Testes de JSAlert e login Teste de Login com sucesso",
              "timedOut": null,
              "duration": 1720,
              "state": "passed",
              "speed": "fast",
              "pass": true,
              "fail": false,
              "pending": false,
              "context": null,
              "code": "cy.visit('https://the-internet.herokuapp.com/login');\ncy.get('#username').type('tomsmith');\ncy.get('#password').type('SuperSecretPassword!');\ncy.get('.fa').click();\ncy.get('#flash').should(\"contain.text\", \"You logged into a secure area!\");",
              "err": {},
              "uuid": "59082035-1fd2-48e5-bfbb-e325241c8e88",
              "parentUUID": "fb00f023-95dc-4af0-a2c7-837469ebb318",
              "isHook": false,
              "skipped": false
            },
            {
              "title": "Teste de Login com falha",
              "fullTitle": "Testes de JSAlert e login Teste de Login com falha",
              "timedOut": null,
              "duration": 2396,
              "state": "passed",
              "speed": "fast",
              "pass": true,
              "fail": false,
              "pending": false,
              "context": null,
              "code": "let infos = criarUser();\ncy.visit('https://the-internet.herokuapp.com/login');\ncy.get('#username').type(infos[0]);\ncy.get('#password').type(infos[1]);\ncy.get('.fa').click();",
              "err": {},
              "uuid": "ce83a134-f5c3-4420-bdbd-247a50ef2b8e",
              "parentUUID": "fb00f023-95dc-4af0-a2c7-837469ebb318",
              "isHook": false,
              "skipped": false
            }
          ],
          "suites": [],
          "passes": [
            "2c56e1ee-67da-4cfa-b379-6c84658105ed",
            "59082035-1fd2-48e5-bfbb-e325241c8e88",
            "ce83a134-f5c3-4420-bdbd-247a50ef2b8e"
          ],
          "failures": [],
          "pending": [],
          "skipped": [],
          "duration": 5461,
          "root": false,
          "rootEmpty": false,
          "_timeout": 2000
        }
      ],
      "passes": [],
      "failures": [],
      "pending": [],
      "skipped": [],
      "duration": 0,
      "root": true,
      "rootEmpty": true,
      "_timeout": 2000
    }
  ],
  "meta": {
    "mocha": {
      "version": "7.2.0"
    },
    "mochawesome": {
      "options": {
        "quiet": false,
        "reportFilename": "mochawesome",
        "saveHtml": true,
        "saveJson": true,
        "consoleReporter": "spec",
        "useInlineDiffs": false,
        "code": true
      },
      "version": "7.1.3"
    },
    "marge": {
      "options": null,
      "version": "6.2.0"
    }
  }
}